[Thu 10/02/2025 15:25:25.77] [INFO] Starting Launch-All launcher
[Thu 10/02/2025 15:25:26.02] [INFO] Detected dotnet SDK version 9.0.305
[Thu 10/02/2025 15:25:26.03] [INFO] Building solution...
  Determining projects to restore...
  All projects are up-to-date for restore.
  GGs.Shared -> C:\Users\307824\OneDrive - Västerås Stad\Skrivbordet\GGs\shared\GGs.Shared\bin\Debug\net9.0\GGs.Shared.dll
  GGs.ErrorLogViewer -> C:\Users\307824\OneDrive - Västerås Stad\Skrivbordet\GGs\tools\GGs.ErrorLogViewer\bin\Debug\net9.0-windows\GGs.ErrorLogViewer.dll
  GGs.Agent -> C:\Users\307824\OneDrive - Västerås Stad\Skrivbordet\GGs\agent\GGs.Agent\bin\Debug\net9.0-windows\GGs.Agent.dll
  GGs.Desktop -> C:\Users\307824\OneDrive - Västerås Stad\Skrivbordet\GGs\clients\GGs.Desktop\bin\Debug\net9.0-windows\GGs.Desktop.dll
  GGs.ErrorLogViewer.Tests -> C:\Users\307824\OneDrive - Västerås Stad\Skrivbordet\GGs\tests\GGs.ErrorLogViewer.Tests\bin\Debug\net9.0-windows\GGs.ErrorLogViewer.Tests.dll
  GGs.Server -> C:\Users\307824\OneDrive - Västerås Stad\Skrivbordet\GGs\server\GGs.Server\bin\Debug\net9.0\GGs.Server.dll

Build succeeded.
    0 Warning(s)
    0 Error(s)

Time Elapsed 00:00:04.12
[Thu 10/02/2025 15:25:30.63] [SUCCESS] Build succeeded.
[Thu 10/02/2025 15:25:30.65] [INFO] Starting GGs.Server on https://localhost:5000 ...
[Thu 10/02/2025 15:25:30.67] [SUCCESS] Server launch command issued.
[Thu 10/02/2025 15:25:30.69] [INFO] Waiting 5 seconds...
[Thu 10/02/2025 15:25:35.17] [INFO] Starting GGs.Desktop client...
[Thu 10/02/2025 15:25:38.31] [ERROR] Failed to launch desktop client.
[Thu 10/02/2025 15:25:38.32] [ERROR] Launch-All encountered a fatal error.
