[Thu-10-02 05:53] Launcher failed - Executable not found 
[Thu-10-02 05:54] GGs Error Log Viewer Launcher Started 
[Thu-10-02 05:54] ============================================================================ 
[Thu-10-02 05:54] Validating application path... 
[Thu-10-02 05:54] Application path validated successfully 
[Thu-10-02 05:54] Checking for existing instances... 
[Thu-10-02 05:54] No existing instances found 
[Thu-10-02 05:54] Launching application... 
[Thu-10-02 05:54] ERROR: Failed to launch application 
[Thu-10-02 05:54] Launcher failed - Executable not found 
[Thu-10-02 05:57] Launcher failed - Executable not found 
[Thu-10-02 05:57] GGs Error Log Viewer Launcher Started 
[Thu-10-02 05:57] ============================================================================ 
[Thu-10-02 05:57] Validating application path... 
[Thu-10-02 05:57] Application path validated successfully 
[Thu-10-02 05:57] Checking for existing instances... 
[Thu-10-02 05:57] No existing instances found 
[Thu-10-02 05:57] Launching application... 
[Thu-10-02 05:57] ERROR: Failed to launch application 
[Thu-10-02 05:57] Launcher failed - Executable not found 
[Thu-10-02 05:57] GGs Error Log Viewer Launcher Started 
[Thu-10-02 05:57] ============================================================================ 
[Thu-10-02 05:57] Validating application path... 
[Thu-10-02 05:57] Application path validated successfully 
[Thu-10-02 05:57] Checking for existing instances... 
[Thu-10-02 05:57] No existing instances found 
[Thu-10-02 05:57] Launching application... 
[Thu-10-02 05:57] ERROR: Failed to launch application 
[Thu-10-02 06:20] Launcher failed - Executable not found 
[Thu-10-02 06:20] GGs Error Log Viewer Launcher Started 
[Thu-10-02 06:20] ============================================================================ 
[Thu-10-02 06:20] Validating application path... 
[Thu-10-02 06:20] Application path validated successfully 
[Thu-10-02 06:20] Checking for existing instances... 
[Thu-10-02 06:20] No existing instances found 
[Thu-10-02 06:20] Launching application... 
[Thu-10-02 06:20] ERROR: Failed to launch application 
[Thu-10-02 07:03] Launcher failed - Executable not found 
[Thu-10-02 07:03] GGs Error Log Viewer Launcher Started 
[Thu-10-02 07:03] ============================================================================ 
[Thu-10-02 07:03] Validating application path... 
[Thu-10-02 07:03] Application path validated successfully 
[Thu-10-02 07:03] Checking for existing instances... 
[Thu-10-02 07:03] No existing instances found 
[Thu-10-02 07:03] Launching application... 
[Thu-10-02 07:03] ERROR: Failed to launch application 
[Thu-10-02 07:04] Launcher failed - Executable not found 
[Thu-10-02 07:04] GGs Error Log Viewer Launcher Started 
[Thu-10-02 07:04] ============================================================================ 
[Thu-10-02 07:04] Validating application path... 
[Thu-10-02 07:04] Application path validated successfully 
[Thu-10-02 07:04] Checking for existing instances... 
[Thu-10-02 07:04] No existing instances found 
[Thu-10-02 07:04] Launching application... 
[Thu-10-02 07:04] ERROR: Failed to launch application 
[Thu-10-02 07:05] Launcher failed - Executable not found 
[Thu-10-02 07:05] GGs Error Log Viewer Launcher Started 
[Thu-10-02 07:05] ============================================================================ 
[Thu-10-02 07:05] Validating application path... 
[Thu-10-02 07:05] Application path validated successfully 
[Thu-10-02 07:05] Checking for existing instances... 
[Thu-10-02 07:05] Found existing instance - terminating... 
[Thu-10-02 07:05] ERROR: Failed to terminate existing instance 
[Thu-10-02 07:05] Launcher failed - Executable not found 
[Thu-10-02 07:05] GGs Error Log Viewer Launcher Started 
[Thu-10-02 07:05] ============================================================================ 
[Thu-10-02 07:05] Validating application path... 
[Thu-10-02 07:05] Application path validated successfully 
[Thu-10-02 07:05] Checking for existing instances... 
[Thu-10-02 07:05] No existing instances found 
[Thu-10-02 07:05] Launching application... 
[Thu-10-02 07:05] ERROR: Failed to launch application 
[Thu-10-02 07:13] Launcher failed - Executable not found 
[Thu-10-02 07:13] GGs Error Log Viewer Launcher Started 
[Thu-10-02 07:13] ============================================================================ 
[Thu-10-02 07:13] Validating application path... 
[Thu-10-02 07:13] Application path validated successfully 
[Thu-10-02 07:13] Checking for existing instances... 
[Thu-10-02 07:13] No existing instances found 
[Thu-10-02 07:13] Launching application... 
[Thu-10-02 07:13] Launch command executed 
[Thu-10-02 07:13] Verifying application startup... 
[Thu-10-02 07:13] Application verified running 
[Thu-10-02 07:13] Entering monitoring mode... 
[Thu-10-02 07:15] Application closed by user after 631 seconds 
[Thu-10-02 07:15] Monitoring ended - Launcher exiting 
[Thu-10-02 07:26] Launcher failed - Executable not found 
[Thu-10-02 07:26] GGs Error Log Viewer Launcher Started 
[Thu-10-02 07:26] ============================================================================ 
[Thu-10-02 07:26] Validating application path... 
[Thu-10-02 07:26] Application path validated successfully 
[Thu-10-02 07:26] Checking for existing instances... 
[Thu-10-02 07:26] No existing instances found 
[Thu-10-02 07:26] Launching application... 
[Thu-10-02 07:26] Launch command executed 
[Thu-10-02 07:26] Verifying application startup... 
[Thu-10-02 07:26] Application verified running 
[Thu-10-02 07:26] Entering monitoring mode... 
[Thu-10-02 07:33] Application closed by user after 406 seconds 
[Thu-10-02 07:33] Monitoring ended - Launcher exiting 
[Thu-10-02 07:34] Launcher failed - Executable not found 
[Thu-10-02 07:34] GGs Error Log Viewer Launcher Started 
[Thu-10-02 07:34] ============================================================================ 
[Thu-10-02 07:34] Validating application path... 
[Thu-10-02 07:34] Application path validated successfully 
[Thu-10-02 07:34] Checking for existing instances... 
[Thu-10-02 07:34] No existing instances found 
[Thu-10-02 07:34] Launching application... 
[Thu-10-02 07:34] Launch command executed 
[Thu-10-02 07:34] Verifying application startup... 
[Thu-10-02 07:34] Application verified running 
[Thu-10-02 07:34] Entering monitoring mode... 
[Thu-10-02 07:41] ============================================================================ 
[Thu-10-02 07:41] GGs Error Log Viewer Launcher - Enterprise Edition Started 
[Thu-10-02 07:41] ============================================================================ 
[Thu-10-02 07:41] Building project: tools\GGs.ErrorLogViewer\GGs.ErrorLogViewer.csproj 
[Thu-10-02 07:41] Cleaning previous build... 
[Thu-10-02 07:41] Running dotnet build... 
[Thu-10-02 07:41] ============================================================================ 
[Thu-10-02 07:41] GGs Error Log Viewer Launcher - Enterprise Edition Started 
[Thu-10-02 07:41] ============================================================================ 
[Thu-10-02 07:41] Building project: tools\GGs.ErrorLogViewer\GGs.ErrorLogViewer.csproj 
[Thu-10-02 07:41] Cleaning previous build... 
[Thu-10-02 07:41] Running dotnet build... 
[Thu-10-02 07:46] ============================================================================ 
[Thu-10-02 07:46] GGs Error Log Viewer Launcher - Enterprise Edition Started 
[Thu-10-02 07:46] ============================================================================ 
[Thu-10-02 07:46] Building project: tools\GGs.ErrorLogViewer\GGs.ErrorLogViewer.csproj 
[Thu-10-02 07:46] Cleaning previous build... 
[Thu-10-02 07:46] Running dotnet build... 
[Thu-10-02 07:46] ============================================================================ 
[Thu-10-02 07:46] GGs Error Log Viewer Launcher - Enterprise Edition Started 
[Thu-10-02 07:46] ============================================================================ 
[Thu-10-02 07:46] Building project: tools\GGs.ErrorLogViewer\GGs.ErrorLogViewer.csproj 
[Thu-10-02 07:46] Cleaning previous build... 
[Thu-10-02 07:46] Running dotnet build... 
[Thu-10-02 07:56] ============================================================================ 
[Thu-10-02 07:56] ============================================================================ 
[Thu-10-02 07:56] Checking for running viewer instances... 
[Thu-10-02 07:57] ============================================================================ 
[Thu-10-02 07:57] ============================================================================ 
[Thu-10-02 07:57] Checking for running viewer instances... 
[Thu-10-02 07:57] ============================================================================ 
[Thu-10-02 07:57] ============================================================================ 
[Thu-10-02 07:57] Checking for running viewer instances... 
[Thu-10-02 08:02] ============================================================================ 
[Thu-10-02 08:02] ============================================================================ 
[Thu-10-02 08:02] Checking for running viewer instances... 
[Thu-10-02 08:11] ============================================================================ 
[Thu-10-02 08:11] ============================================================================ 
[Thu-10-02 08:11] Checking for running viewer instances... 
