[Sat 10/04/2025  2:34:21.74] [INFO] Error Log Viewer Launcher started in normal mode 
[Sat 10/04/2025  2:34:21.75] [INFO] Log file: C:\Users\307824\OneDrive - V„ster†s Stad\Skrivbordet\GGs\GGs\launcher-logs\viewer-20251004-023421-normal.log 
[Sat 10/04/2025  2:34:22.43] [INFO] Running without administrator privileges 
[Sat 10/04/2025  2:34:22.43] [INFO] Starting preflight checks 
[Sat 10/04/2025  2:34:23.47] [INFO] Running without administrator privileges 
[Sat 10/04/2025  2:34:23.47] [INFO] Starting preflight checks 
[Sat 10/04/2025  2:34:24.39] [INFO] Running without administrator privileges 
[Sat 10/04/2025  2:34:24.40] [INFO] Starting preflight checks 
[Sat 10/04/2025  2:34:25.40] [INFO] Running without administrator privileges 
[Sat 10/04/2025  2:34:25.41] [INFO] Starting preflight checks 
[Sat 10/04/2025  2:34:26.40] [INFO] Running without administrator privileges 
[Sat 10/04/2025  2:34:26.41] [INFO] Starting preflight checks 
[Sat 10/04/2025  2:34:27.43] [INFO] Running without administrator privileges 
[Sat 10/04/2025  2:34:27.45] [INFO] Starting preflight checks 
[Sat 10/04/2025  2:34:28.83] [INFO] Running without administrator privileges 
[Sat 10/04/2025  2:34:28.84] [INFO] Starting preflight checks 
[Sat 10/04/2025  2:34:29.82] [INFO] Running without administrator privileges 
[Sat 10/04/2025  2:34:29.82] [INFO] Starting preflight checks 
[Sat 10/04/2025  2:34:30.81] [INFO] Running without administrator privileges 
[Sat 10/04/2025  2:34:30.81] [INFO] Starting preflight checks 
[Sat 10/04/2025  2:34:31.87] [INFO] Running without administrator privileges 
[Sat 10/04/2025  2:34:31.88] [INFO] Starting preflight checks 
[Sat 10/04/2025  2:34:32.85] [INFO] Running without administrator privileges 
[Sat 10/04/2025  2:34:32.85] [INFO] Starting preflight checks 
[Sat 10/04/2025  2:34:33.86] [INFO] Running without administrator privileges 
[Sat 10/04/2025  2:34:33.87] [INFO] Starting preflight checks 
[Sat 10/04/2025  2:34:34.90] [INFO] Running without administrator privileges 
[Sat 10/04/2025  2:34:34.91] [INFO] Starting preflight checks 
[Sat 10/04/2025  2:34:35.90] [INFO] Running without administrator privileges 
[Sat 10/04/2025  2:34:35.91] [INFO] Starting preflight checks 
[Sat 10/04/2025  2:34:36.90] [INFO] Running without administrator privileges 
[Sat 10/04/2025  2:34:36.91] [INFO] Starting preflight checks 
[Sat 10/04/2025  2:34:37.88] [INFO] Running without administrator privileges 
[Sat 10/04/2025  2:34:37.89] [INFO] Starting preflight checks 
[Sat 10/04/2025  2:34:38.86] [INFO] Running without administrator privileges 
[Sat 10/04/2025  2:34:38.87] [INFO] Starting preflight checks 
[Sat 10/04/2025  2:34:39.97] [INFO] Running without administrator privileges 
[Sat 10/04/2025  2:34:39.99] [INFO] Starting preflight checks 
[Sat 10/04/2025  2:34:41.21] [INFO] Running without administrator privileges 
[Sat 10/04/2025  2:34:41.21] [INFO] Starting preflight checks 
[Sat 10/04/2025  2:34:42.16] [INFO] Running without administrator privileges 
[Sat 10/04/2025  2:34:42.17] [INFO] Starting preflight checks 
[Sat 10/04/2025  2:34:43.14] [INFO] Running without administrator privileges 
[Sat 10/04/2025  2:34:43.15] [INFO] Starting preflight checks 
[Sat 10/04/2025  2:34:44.16] [INFO] Running without administrator privileges 
[Sat 10/04/2025  2:34:44.17] [INFO] Starting preflight checks 
[Sat 10/04/2025  2:34:45.20] [INFO] Running without administrator privileges 
[Sat 10/04/2025  2:34:45.21] [INFO] Starting preflight checks 
[Sat 10/04/2025  2:34:46.37] [INFO] Running without administrator privileges 
[Sat 10/04/2025  2:34:46.38] [INFO] Starting preflight checks 
[Sat 10/04/2025  2:34:47.82] [INFO] Running without administrator privileges 
[Sat 10/04/2025  2:34:47.82] [INFO] Starting preflight checks 
[Sat 10/04/2025  2:34:48.97] [INFO] Running without administrator privileges 
[Sat 10/04/2025  2:34:48.97] [INFO] Starting preflight checks 
[Sat 10/04/2025  2:34:49.93] [INFO] Running without administrator privileges 
[Sat 10/04/2025  2:34:49.94] [INFO] Starting preflight checks 
[Sat 10/04/2025  2:34:50.90] [INFO] Running without administrator privileges 
[Sat 10/04/2025  2:34:50.90] [INFO] Starting preflight checks 
[Sat 10/04/2025  2:34:51.90] [INFO] Running without administrator privileges 
[Sat 10/04/2025  2:34:51.90] [INFO] Starting preflight checks 
[Sat 10/04/2025  2:34:52.94] [INFO] Running without administrator privileges 
[Sat 10/04/2025  2:34:52.94] [INFO] Starting preflight checks 
[Sat 10/04/2025  2:34:54.02] [INFO] Running without administrator privileges 
[Sat 10/04/2025  2:34:54.02] [INFO] Starting preflight checks 
[Sat 10/04/2025  2:34:55.32] [INFO] Running without administrator privileges 
[Sat 10/04/2025  2:34:55.32] [INFO] Starting preflight checks 
[Sat 10/04/2025  2:34:56.53] [INFO] Running without administrator privileges 
[Sat 10/04/2025  2:34:56.53] [INFO] Starting preflight checks 
[Sat 10/04/2025  2:34:57.62] [INFO] Running without administrator privileges 
[Sat 10/04/2025  2:34:57.63] [INFO] Starting preflight checks 
[Sat 10/04/2025  2:34:58.63] [INFO] Running without administrator privileges 
[Sat 10/04/2025  2:34:58.64] [INFO] Starting preflight checks 
[Sat 10/04/2025  2:34:59.69] [INFO] Running without administrator privileges 
[Sat 10/04/2025  2:34:59.70] [INFO] Starting preflight checks 
[Sat 10/04/2025  2:35:00.64] [INFO] Running without administrator privileges 
[Sat 10/04/2025  2:35:00.65] [INFO] Starting preflight checks 
[Sat 10/04/2025  2:35:01.68] [INFO] Running without administrator privileges 
[Sat 10/04/2025  2:35:01.69] [INFO] Starting preflight checks 
[Sat 10/04/2025  2:35:02.73] [INFO] Running without administrator privileges 
[Sat 10/04/2025  2:35:02.73] [INFO] Starting preflight checks 
[Sat 10/04/2025  2:35:03.70] [INFO] Running without administrator privileges 
[Sat 10/04/2025  2:35:03.70] [INFO] Starting preflight checks 
[Sat 10/04/2025  2:35:04.75] [INFO] Running without administrator privileges 
[Sat 10/04/2025  2:35:04.76] [INFO] Starting preflight checks 
[Sat 10/04/2025  2:35:05.92] [INFO] Running without administrator privileges 
[Sat 10/04/2025  2:35:05.93] [INFO] Starting preflight checks 
[Sat 10/04/2025  2:35:06.92] [INFO] Running without administrator privileges 
[Sat 10/04/2025  2:35:06.93] [INFO] Starting preflight checks 
[Sat 10/04/2025  2:35:07.93] [INFO] Running without administrator privileges 
[Sat 10/04/2025  2:35:07.94] [INFO] Starting preflight checks 
[Sat 10/04/2025  2:35:09.08] [INFO] Running without administrator privileges 
[Sat 10/04/2025  2:35:09.09] [INFO] Starting preflight checks 
[Sat 10/04/2025  2:35:10.06] [INFO] Running without administrator privileges 
[Sat 10/04/2025  2:35:10.07] [INFO] Starting preflight checks 
[Sat 10/04/2025  2:35:11.33] [INFO] Running without administrator privileges 
[Sat 10/04/2025  2:35:11.34] [INFO] Starting preflight checks 
[Sat 10/04/2025  2:35:12.30] [INFO] Running without administrator privileges 
[Sat 10/04/2025  2:35:12.31] [INFO] Starting preflight checks 
[Sat 10/04/2025  2:35:13.30] [INFO] Running without administrator privileges 
[Sat 10/04/2025  2:35:13.30] [INFO] Starting preflight checks 
[Sat 10/04/2025  2:35:14.32] [INFO] Running without administrator privileges 
[Sat 10/04/2025  2:35:14.32] [INFO] Starting preflight checks 
[Sat 10/04/2025  2:35:15.33] [INFO] Running without administrator privileges 
[Sat 10/04/2025  2:35:15.33] [INFO] Starting preflight checks 
[Sat 10/04/2025  2:35:16.31] [INFO] Running without administrator privileges 
[Sat 10/04/2025  2:35:16.32] [INFO] Starting preflight checks 
[Sat 10/04/2025  2:35:17.42] [INFO] Running without administrator privileges 
[Sat 10/04/2025  2:35:17.42] [INFO] Starting preflight checks 
[Sat 10/04/2025  2:35:18.51] [INFO] Running without administrator privileges 
[Sat 10/04/2025  2:35:18.52] [INFO] Starting preflight checks 
[Sat 10/04/2025  2:35:19.65] [INFO] Running without administrator privileges 
[Sat 10/04/2025  2:35:19.65] [INFO] Starting preflight checks 
[Sat 10/04/2025  2:35:20.81] [INFO] Running without administrator privileges 
[Sat 10/04/2025  2:35:20.82] [INFO] Starting preflight checks 
[Sat 10/04/2025  2:35:21.79] [INFO] Running without administrator privileges 
[Sat 10/04/2025  2:35:21.80] [INFO] Starting preflight checks 
[Sat 10/04/2025  2:35:22.83] [INFO] Running without administrator privileges 
[Sat 10/04/2025  2:35:22.83] [INFO] Starting preflight checks 
[Sat 10/04/2025  2:35:23.88] [INFO] Running without administrator privileges 
[Sat 10/04/2025  2:35:23.88] [INFO] Starting preflight checks 
[Sat 10/04/2025  2:35:24.89] [INFO] Running without administrator privileges 
[Sat 10/04/2025  2:35:24.90] [INFO] Starting preflight checks 
[Sat 10/04/2025  2:35:25.94] [INFO] Running without administrator privileges 
[Sat 10/04/2025  2:35:25.95] [INFO] Starting preflight checks 
[Sat 10/04/2025  2:35:27.06] [INFO] Running without administrator privileges 
[Sat 10/04/2025  2:35:27.06] [INFO] Starting preflight checks 
[Sat 10/04/2025  2:35:28.12] [INFO] Running without administrator privileges 
[Sat 10/04/2025  2:35:28.12] [INFO] Starting preflight checks 
[Sat 10/04/2025  2:35:29.18] [INFO] Running without administrator privileges 
[Sat 10/04/2025  2:35:29.18] [INFO] Starting preflight checks 
[Sat 10/04/2025  2:35:30.19] [INFO] Running without administrator privileges 
[Sat 10/04/2025  2:35:30.20] [INFO] Starting preflight checks 
[Sat 10/04/2025  2:35:31.20] [INFO] Running without administrator privileges 
[Sat 10/04/2025  2:35:31.21] [INFO] Starting preflight checks 
[Sat 10/04/2025  2:35:32.40] [INFO] Running without administrator privileges 
[Sat 10/04/2025  2:35:32.47] [INFO] Starting preflight checks 
[Sat 10/04/2025  2:35:33.74] [INFO] Running without administrator privileges 
[Sat 10/04/2025  2:35:33.75] [INFO] Starting preflight checks 
[Sat 10/04/2025  2:35:34.76] [INFO] Running without administrator privileges 
[Sat 10/04/2025  2:35:34.77] [INFO] Starting preflight checks 
[Sat 10/04/2025  2:35:37.04] [INFO] Running without administrator privileges (this is normal) 
[Sat 10/04/2025  2:35:37.04] [INFO] Running without administrator privileges (this is normal) 
[Sat 10/04/2025  2:35:37.04] [INFO] Running without administrator privileges (this is normal) 
[Sat 10/04/2025  2:35:37.05] [INFO] Starting preflight checks 
[Sat 10/04/2025  2:35:38.06] [INFO] Running without administrator privileges (this is normal) 
[Sat 10/04/2025  2:35:38.06] [INFO] Running without administrator privileges (this is normal) 
[Sat 10/04/2025  2:35:38.06] [INFO] Running without administrator privileges (this is normal) 
[Sat 10/04/2025  2:35:38.06] [INFO] Starting preflight checks 
[Sat 10/04/2025  2:35:39.07] [INFO] Running without administrator privileges (this is normal) 
[Sat 10/04/2025  2:35:39.07] [INFO] Running without administrator privileges (this is normal) 
[Sat 10/04/2025  2:35:39.07] [INFO] Running without administrator privileges (this is normal) 
[Sat 10/04/2025  2:35:39.08] [INFO] Starting preflight checks 
[Sat 10/04/2025  2:35:40.05] [INFO] Running without administrator privileges (this is normal) 
[Sat 10/04/2025  2:35:40.05] [INFO] Running without administrator privileges (this is normal) 
[Sat 10/04/2025  2:35:40.05] [INFO] Running without administrator privileges (this is normal) 
[Sat 10/04/2025  2:35:40.06] [INFO] Starting preflight checks 
[Sat 10/04/2025  2:35:41.05] [INFO] Running without administrator privileges (this is normal) 
[Sat 10/04/2025  2:35:41.05] [INFO] Running without administrator privileges (this is normal) 
[Sat 10/04/2025  2:35:41.05] [INFO] Running without administrator privileges (this is normal) 
[Sat 10/04/2025  2:35:41.06] [INFO] Starting preflight checks 
[Sat 10/04/2025  2:35:42.06] [INFO] Running without administrator privileges (this is normal) 
[Sat 10/04/2025  2:35:42.06] [INFO] Running without administrator privileges (this is normal) 
[Sat 10/04/2025  2:35:42.06] [INFO] Running without administrator privileges (this is normal) 
[Sat 10/04/2025  2:35:42.06] [INFO] Starting preflight checks 
[Sat 10/04/2025  2:35:43.06] [INFO] Running without administrator privileges (this is normal) 
[Sat 10/04/2025  2:35:43.06] [INFO] Running without administrator privileges (this is normal) 
[Sat 10/04/2025  2:35:43.06] [INFO] Running without administrator privileges (this is normal) 
[Sat 10/04/2025  2:35:43.07] [INFO] Starting preflight checks 
[Sat 10/04/2025  2:35:44.03] [INFO] Running without administrator privileges (this is normal) 
[Sat 10/04/2025  2:35:44.03] [INFO] Running without administrator privileges (this is normal) 
[Sat 10/04/2025  2:35:44.03] [INFO] Running without administrator privileges (this is normal) 
[Sat 10/04/2025  2:35:44.04] [INFO] Starting preflight checks 
[Sat 10/04/2025  2:35:45.05] [INFO] Running without administrator privileges (this is normal) 
[Sat 10/04/2025  2:35:45.05] [INFO] Running without administrator privileges (this is normal) 
[Sat 10/04/2025  2:35:45.05] [INFO] Running without administrator privileges (this is normal) 
[Sat 10/04/2025  2:35:45.05] [INFO] Starting preflight checks 
[Sat 10/04/2025  2:35:46.12] [INFO] Running without administrator privileges (this is normal) 
[Sat 10/04/2025  2:35:46.12] [INFO] Running without administrator privileges (this is normal) 
[Sat 10/04/2025  2:35:46.12] [INFO] Running without administrator privileges (this is normal) 
[Sat 10/04/2025  2:35:46.14] [INFO] Starting preflight checks 
[Sat 10/04/2025  2:35:47.33] [INFO] Running without administrator privileges (this is normal) 
[Sat 10/04/2025  2:35:47.33] [INFO] Running without administrator privileges (this is normal) 
[Sat 10/04/2025  2:35:47.33] [INFO] Running without administrator privileges (this is normal) 
[Sat 10/04/2025  2:35:47.34] [INFO] Starting preflight checks 
[Sat 10/04/2025  2:35:48.46] [INFO] Running without administrator privileges (this is normal) 
[Sat 10/04/2025  2:35:48.46] [INFO] Running without administrator privileges (this is normal) 
[Sat 10/04/2025  2:35:48.46] [INFO] Running without administrator privileges (this is normal) 
[Sat 10/04/2025  2:35:48.47] [INFO] Starting preflight checks 
[Sat 10/04/2025  2:35:50.18] [INFO] Running without administrator privileges (this is normal) 
[Sat 10/04/2025  2:35:50.18] [INFO] Running without administrator privileges (this is normal) 
[Sat 10/04/2025  2:35:50.18] [INFO] Running without administrator privileges (this is normal) 
[Sat 10/04/2025  2:35:50.19] [INFO] Starting preflight checks 
[Sat 10/04/2025  2:35:51.33] [INFO] Running without administrator privileges (this is normal) 
[Sat 10/04/2025  2:35:51.33] [INFO] Running without administrator privileges (this is normal) 
[Sat 10/04/2025  2:35:51.33] [INFO] Running without administrator privileges (this is normal) 
[Sat 10/04/2025  2:35:51.34] [INFO] Starting preflight checks 
[Sat 10/04/2025  2:35:52.34] [INFO] Running without administrator privileges (this is normal) 
[Sat 10/04/2025  2:35:52.34] [INFO] Running without administrator privileges (this is normal) 
[Sat 10/04/2025  2:35:52.34] [INFO] Running without administrator privileges (this is normal) 
[Sat 10/04/2025  2:35:52.35] [INFO] Starting preflight checks 
[Sat 10/04/2025  2:35:53.45] [INFO] Running without administrator privileges (this is normal) 
[Sat 10/04/2025  2:35:53.45] [INFO] Running without administrator privileges (this is normal) 
[Sat 10/04/2025  2:35:53.45] [INFO] Running without administrator privileges (this is normal) 
[Sat 10/04/2025  2:35:53.46] [INFO] Starting preflight checks 
[Sat 10/04/2025  2:35:54.71] [INFO] Running without administrator privileges (this is normal) 
[Sat 10/04/2025  2:35:54.71] [INFO] Running without administrator privileges (this is normal) 
[Sat 10/04/2025  2:35:54.71] [INFO] Running without administrator privileges (this is normal) 
[Sat 10/04/2025  2:35:54.72] [INFO] Starting preflight checks 
[Sat 10/04/2025  2:35:56.00] [INFO] Running without administrator privileges (this is normal) 
[Sat 10/04/2025  2:35:56.00] [INFO] Running without administrator privileges (this is normal) 
[Sat 10/04/2025  2:35:56.00] [INFO] Running without administrator privileges (this is normal) 
[Sat 10/04/2025  2:35:56.02] [INFO] Starting preflight checks 
[Sat 10/04/2025  2:35:57.06] [INFO] Running without administrator privileges (this is normal) 
[Sat 10/04/2025  2:35:57.06] [INFO] Running without administrator privileges (this is normal) 
[Sat 10/04/2025  2:35:57.06] [INFO] Running without administrator privileges (this is normal) 
[Sat 10/04/2025  2:35:57.08] [INFO] Starting preflight checks 
[Sat 10/04/2025  2:35:58.05] [INFO] Running without administrator privileges (this is normal) 
[Sat 10/04/2025  2:35:58.05] [INFO] Running without administrator privileges (this is normal) 
[Sat 10/04/2025  2:35:58.05] [INFO] Running without administrator privileges (this is normal) 
[Sat 10/04/2025  2:35:58.06] [INFO] Starting preflight checks 
[Sat 10/04/2025  2:35:59.04] [INFO] Running without administrator privileges (this is normal) 
[Sat 10/04/2025  2:35:59.04] [INFO] Running without administrator privileges (this is normal) 
[Sat 10/04/2025  2:35:59.04] [INFO] Running without administrator privileges (this is normal) 
[Sat 10/04/2025  2:35:59.06] [INFO] Starting preflight checks 
[Sat 10/04/2025  2:36:00.24] [INFO] Running without administrator privileges (this is normal) 
[Sat 10/04/2025  2:36:00.24] [INFO] Running without administrator privileges (this is normal) 
[Sat 10/04/2025  2:36:00.24] [INFO] Running without administrator privileges (this is normal) 
[Sat 10/04/2025  2:36:00.25] [INFO] Starting preflight checks 
[Sat 10/04/2025  2:36:01.19] [INFO] Running without administrator privileges (this is normal) 
[Sat 10/04/2025  2:36:01.19] [INFO] Running without administrator privileges (this is normal) 
[Sat 10/04/2025  2:36:01.19] [INFO] Running without administrator privileges (this is normal) 
[Sat 10/04/2025  2:36:01.20] [INFO] Starting preflight checks 
[Sat 10/04/2025  2:36:02.16] [INFO] Running without administrator privileges (this is normal) 
[Sat 10/04/2025  2:36:02.16] [INFO] Running without administrator privileges (this is normal) 
[Sat 10/04/2025  2:36:02.16] [INFO] Running without administrator privileges (this is normal) 
[Sat 10/04/2025  2:36:02.17] [INFO] Starting preflight checks 
[Sat 10/04/2025  2:36:03.19] [INFO] Running without administrator privileges (this is normal) 
[Sat 10/04/2025  2:36:03.19] [INFO] Running without administrator privileges (this is normal) 
[Sat 10/04/2025  2:36:03.19] [INFO] Running without administrator privileges (this is normal) 
[Sat 10/04/2025  2:36:03.20] [INFO] Starting preflight checks 
[Sat 10/04/2025  2:36:04.14] [INFO] Running without administrator privileges (this is normal) 
[Sat 10/04/2025  2:36:04.14] [INFO] Running without administrator privileges (this is normal) 
[Sat 10/04/2025  2:36:04.14] [INFO] Running without administrator privileges (this is normal) 
[Sat 10/04/2025  2:36:04.15] [INFO] Starting preflight checks 
[Sat 10/04/2025  2:36:05.30] [INFO] Running without administrator privileges (this is normal) 
[Sat 10/04/2025  2:36:05.30] [INFO] Running without administrator privileges (this is normal) 
[Sat 10/04/2025  2:36:05.30] [INFO] Running without administrator privileges (this is normal) 
[Sat 10/04/2025  2:36:05.32] [INFO] Starting preflight checks 
[Sat 10/04/2025  2:36:06.59] [INFO] Running without administrator privileges (this is normal) 
[Sat 10/04/2025  2:36:06.59] [INFO] Running without administrator privileges (this is normal) 
[Sat 10/04/2025  2:36:06.59] [INFO] Running without administrator privileges (this is normal) 
[Sat 10/04/2025  2:36:06.60] [INFO] Starting preflight checks 
[Sat 10/04/2025  2:36:07.68] [INFO] Running without administrator privileges (this is normal) 
[Sat 10/04/2025  2:36:07.68] [INFO] Running without administrator privileges (this is normal) 
[Sat 10/04/2025  2:36:07.68] [INFO] Running without administrator privileges (this is normal) 
[Sat 10/04/2025  2:36:07.68] [INFO] Starting preflight checks 
[Sat 10/04/2025  2:36:08.76] [INFO] Running without administrator privileges (this is normal) 
[Sat 10/04/2025  2:36:08.76] [INFO] Running without administrator privileges (this is normal) 
[Sat 10/04/2025  2:36:08.76] [INFO] Running without administrator privileges (this is normal) 
[Sat 10/04/2025  2:36:08.77] [INFO] Starting preflight checks 
[Sat 10/04/2025  2:36:09.76] [INFO] Running without administrator privileges (this is normal) 
[Sat 10/04/2025  2:36:09.76] [INFO] Running without administrator privileges (this is normal) 
[Sat 10/04/2025  2:36:09.76] [INFO] Running without administrator privileges (this is normal) 
[Sat 10/04/2025  2:36:09.77] [INFO] Starting preflight checks 
[Sat 10/04/2025  2:36:10.79] [INFO] Running without administrator privileges (this is normal) 
[Sat 10/04/2025  2:36:10.79] [INFO] Running without administrator privileges (this is normal) 
[Sat 10/04/2025  2:36:10.79] [INFO] Running without administrator privileges (this is normal) 
[Sat 10/04/2025  2:36:10.79] [INFO] Starting preflight checks 
[Sat 10/04/2025  2:36:11.83] [INFO] Running without administrator privileges (this is normal) 
[Sat 10/04/2025  2:36:11.83] [INFO] Running without administrator privileges (this is normal) 
[Sat 10/04/2025  2:36:11.83] [INFO] Running without administrator privileges (this is normal) 
[Sat 10/04/2025  2:36:11.84] [INFO] Starting preflight checks 
[Sat 10/04/2025  2:36:12.91] [INFO] Running without administrator privileges (this is normal) 
[Sat 10/04/2025  2:36:12.91] [INFO] Running without administrator privileges (this is normal) 
[Sat 10/04/2025  2:36:12.91] [INFO] Running without administrator privileges (this is normal) 
[Sat 10/04/2025  2:36:12.92] [INFO] Starting preflight checks 
[Sat 10/04/2025  2:36:13.92] [INFO] Running without administrator privileges (this is normal) 
[Sat 10/04/2025  2:36:13.92] [INFO] Running without administrator privileges (this is normal) 
[Sat 10/04/2025  2:36:13.92] [INFO] Running without administrator privileges (this is normal) 
[Sat 10/04/2025  2:36:13.93] [INFO] Starting preflight checks 
[Sat 10/04/2025  2:36:14.98] [INFO] Running without administrator privileges (this is normal) 
[Sat 10/04/2025  2:36:14.98] [INFO] Running without administrator privileges (this is normal) 
[Sat 10/04/2025  2:36:14.98] [INFO] Running without administrator privileges (this is normal) 
[Sat 10/04/2025  2:36:14.99] [INFO] Starting preflight checks 
[Sat 10/04/2025  2:36:15.95] [INFO] Running without administrator privileges (this is normal) 
[Sat 10/04/2025  2:36:15.95] [INFO] Running without administrator privileges (this is normal) 
[Sat 10/04/2025  2:36:15.95] [INFO] Running without administrator privileges (this is normal) 
[Sat 10/04/2025  2:36:15.96] [INFO] Starting preflight checks 
[Sat 10/04/2025  2:36:17.80] [INFO] Running without administrator privileges (this is normal) 
[Sat 10/04/2025  2:36:17.80] [INFO] Running without administrator privileges (this is normal) 
[Sat 10/04/2025  2:36:17.80] [INFO] Running without administrator privileges (this is normal) 
[Sat 10/04/2025  2:36:17.85] [INFO] Starting preflight checks 
[Sat 10/04/2025  2:36:19.33] [INFO] Running without administrator privileges (this is normal) 
[Sat 10/04/2025  2:36:19.33] [INFO] Running without administrator privileges (this is normal) 
[Sat 10/04/2025  2:36:19.33] [INFO] Running without administrator privileges (this is normal) 
[Sat 10/04/2025  2:36:19.34] [INFO] Starting preflight checks 
[Sat 10/04/2025  2:36:20.55] [INFO] Running without administrator privileges (this is normal) 
[Sat 10/04/2025  2:36:20.55] [INFO] Running without administrator privileges (this is normal) 
[Sat 10/04/2025  2:36:20.55] [INFO] Running without administrator privileges (this is normal) 
[Sat 10/04/2025  2:36:20.56] [INFO] Starting preflight checks 
[Sat 10/04/2025  2:36:21.71] [INFO] Running without administrator privileges (this is normal) 
[Sat 10/04/2025  2:36:21.71] [INFO] Running without administrator privileges (this is normal) 
[Sat 10/04/2025  2:36:21.71] [INFO] Running without administrator privileges (this is normal) 
[Sat 10/04/2025  2:36:21.72] [INFO] Starting preflight checks 
[Sat 10/04/2025  2:36:22.75] [INFO] Running without administrator privileges (this is normal) 
[Sat 10/04/2025  2:36:22.75] [INFO] Running without administrator privileges (this is normal) 
[Sat 10/04/2025  2:36:22.75] [INFO] Running without administrator privileges (this is normal) 
[Sat 10/04/2025  2:36:22.76] [INFO] Starting preflight checks 
[Sat 10/04/2025  2:36:23.84] [INFO] Running without administrator privileges (this is normal) 
[Sat 10/04/2025  2:36:23.84] [INFO] Running without administrator privileges (this is normal) 
[Sat 10/04/2025  2:36:23.84] [INFO] Running without administrator privileges (this is normal) 
[Sat 10/04/2025  2:36:23.86] [INFO] Starting preflight checks 
[Sat 10/04/2025  2:36:25.40] [INFO] Running without administrator privileges (this is normal) 
[Sat 10/04/2025  2:36:25.40] [INFO] Running without administrator privileges (this is normal) 
[Sat 10/04/2025  2:36:25.40] [INFO] Running without administrator privileges (this is normal) 
[Sat 10/04/2025  2:36:25.42] [INFO] Starting preflight checks 
[Sat 10/04/2025  2:36:26.60] [INFO] Running without administrator privileges (this is normal) 
[Sat 10/04/2025  2:36:26.60] [INFO] Running without administrator privileges (this is normal) 
[Sat 10/04/2025  2:36:26.60] [INFO] Running without administrator privileges (this is normal) 
[Sat 10/04/2025  2:36:26.60] [INFO] Starting preflight checks 
[Sat 10/04/2025  2:36:27.61] [INFO] Running without administrator privileges (this is normal) 
[Sat 10/04/2025  2:36:27.61] [INFO] Running without administrator privileges (this is normal) 
[Sat 10/04/2025  2:36:27.61] [INFO] Running without administrator privileges (this is normal) 
[Sat 10/04/2025  2:36:27.63] [INFO] Starting preflight checks 
[Sat 10/04/2025  2:36:28.91] [INFO] Running without administrator privileges (this is normal) 
[Sat 10/04/2025  2:36:28.91] [INFO] Running without administrator privileges (this is normal) 
[Sat 10/04/2025  2:36:28.91] [INFO] Running without administrator privileges (this is normal) 
[Sat 10/04/2025  2:36:28.92] [INFO] Starting preflight checks 
[Sat 10/04/2025  2:36:30.33] [INFO] Running without administrator privileges (this is normal) 
[Sat 10/04/2025  2:36:30.33] [INFO] Running without administrator privileges (this is normal) 
[Sat 10/04/2025  2:36:30.33] [INFO] Running without administrator privileges (this is normal) 
[Sat 10/04/2025  2:36:30.34] [INFO] Starting preflight checks 
[Sat 10/04/2025  2:36:32.15] [INFO] Running without administrator privileges (this is normal) 
[Sat 10/04/2025  2:36:32.15] [INFO] Running without administrator privileges (this is normal) 
[Sat 10/04/2025  2:36:32.15] [INFO] Running without administrator privileges (this is normal) 
[Sat 10/04/2025  2:36:32.16] [INFO] Starting preflight checks 
[Sat 10/04/2025  2:36:33.72] [INFO] Running without administrator privileges (this is normal) 
[Sat 10/04/2025  2:36:33.72] [INFO] Running without administrator privileges (this is normal) 
[Sat 10/04/2025  2:36:33.72] [INFO] Running without administrator privileges (this is normal) 
[Sat 10/04/2025  2:36:33.73] [INFO] Starting preflight checks 
[Sat 10/04/2025  2:36:35.64] [INFO] Running without administrator privileges (this is normal) 
[Sat 10/04/2025  2:36:35.64] [INFO] Running without administrator privileges (this is normal) 
[Sat 10/04/2025  2:36:35.64] [INFO] Running without administrator privileges (this is normal) 
[Sat 10/04/2025  2:36:35.65] [INFO] Starting preflight checks 
[Sat 10/04/2025  2:36:37.49] [INFO] Running without administrator privileges (this is normal) 
[Sat 10/04/2025  2:36:37.49] [INFO] Running without administrator privileges (this is normal) 
[Sat 10/04/2025  2:36:37.49] [INFO] Running without administrator privileges (this is normal) 
[Sat 10/04/2025  2:36:37.50] [INFO] Starting preflight checks 
[Sat 10/04/2025  2:36:39.39] [INFO] Running without administrator privileges (this is normal) 
[Sat 10/04/2025  2:36:39.39] [INFO] Running without administrator privileges (this is normal) 
[Sat 10/04/2025  2:36:39.39] [INFO] Running without administrator privileges (this is normal) 
[Sat 10/04/2025  2:36:39.40] [INFO] Starting preflight checks 
[Sat 10/04/2025  2:36:41.18] [INFO] Running without administrator privileges (this is normal) 
[Sat 10/04/2025  2:36:41.18] [INFO] Running without administrator privileges (this is normal) 
[Sat 10/04/2025  2:36:41.18] [INFO] Running without administrator privileges (this is normal) 
[Sat 10/04/2025  2:36:41.19] [INFO] Starting preflight checks 
[Sat 10/04/2025  2:36:42.91] [INFO] Running without administrator privileges (this is normal) 
[Sat 10/04/2025  2:36:42.91] [INFO] Running without administrator privileges (this is normal) 
[Sat 10/04/2025  2:36:42.91] [INFO] Running without administrator privileges (this is normal) 
[Sat 10/04/2025  2:36:42.92] [INFO] Starting preflight checks 
[Sat 10/04/2025  2:36:44.93] [INFO] Running without administrator privileges (this is normal) 
[Sat 10/04/2025  2:36:44.93] [INFO] Running without administrator privileges (this is normal) 
[Sat 10/04/2025  2:36:44.93] [INFO] Running without administrator privileges (this is normal) 
[Sat 10/04/2025  2:36:44.94] [INFO] Starting preflight checks 
[Sat 10/04/2025  2:36:46.87] [INFO] Running without administrator privileges (this is normal) 
[Sat 10/04/2025  2:36:46.87] [INFO] Running without administrator privileges (this is normal) 
[Sat 10/04/2025  2:36:46.87] [INFO] Running without administrator privileges (this is normal) 
[Sat 10/04/2025  2:36:46.88] [INFO] Starting preflight checks 
[Sat 10/04/2025  2:36:48.90] [INFO] Running without administrator privileges (this is normal) 
[Sat 10/04/2025  2:36:48.90] [INFO] Running without administrator privileges (this is normal) 
[Sat 10/04/2025  2:36:48.90] [INFO] Running without administrator privileges (this is normal) 
[Sat 10/04/2025  2:36:48.91] [INFO] Starting preflight checks 
[Sat 10/04/2025  2:36:50.62] [INFO] Running without administrator privileges (this is normal) 
[Sat 10/04/2025  2:36:50.62] [INFO] Running without administrator privileges (this is normal) 
[Sat 10/04/2025  2:36:50.62] [INFO] Running without administrator privileges (this is normal) 
[Sat 10/04/2025  2:36:50.63] [INFO] Starting preflight checks 
[Sat 10/04/2025  2:36:52.22] [INFO] Running without administrator privileges (this is normal) 
[Sat 10/04/2025  2:36:52.22] [INFO] Running without administrator privileges (this is normal) 
[Sat 10/04/2025  2:36:52.22] [INFO] Running without administrator privileges (this is normal) 
[Sat 10/04/2025  2:36:52.23] [INFO] Starting preflight checks 
[Sat 10/04/2025  2:36:54.03] [INFO] Running without administrator privileges (this is normal) 
[Sat 10/04/2025  2:36:54.03] [INFO] Running without administrator privileges (this is normal) 
[Sat 10/04/2025  2:36:54.03] [INFO] Running without administrator privileges (this is normal) 
[Sat 10/04/2025  2:36:54.04] [INFO] Starting preflight checks 
[Sat 10/04/2025  2:36:55.78] [INFO] Running without administrator privileges (this is normal) 
[Sat 10/04/2025  2:36:55.78] [INFO] Running without administrator privileges (this is normal) 
[Sat 10/04/2025  2:36:55.78] [INFO] Running without administrator privileges (this is normal) 
[Sat 10/04/2025  2:36:55.79] [INFO] Starting preflight checks 
[Sat 10/04/2025  2:36:57.51] [INFO] Running without administrator privileges (this is normal) 
[Sat 10/04/2025  2:36:57.51] [INFO] Running without administrator privileges (this is normal) 
[Sat 10/04/2025  2:36:57.51] [INFO] Running without administrator privileges (this is normal) 
[Sat 10/04/2025  2:36:57.52] [INFO] Starting preflight checks 
[Sat 10/04/2025  2:36:59.47] [INFO] Running without administrator privileges (this is normal) 
[Sat 10/04/2025  2:36:59.47] [INFO] Running without administrator privileges (this is normal) 
[Sat 10/04/2025  2:36:59.47] [INFO] Running without administrator privileges (this is normal) 
[Sat 10/04/2025  2:36:59.48] [INFO] Starting preflight checks 
[Sat 10/04/2025  2:37:01.20] [INFO] Running without administrator privileges (this is normal) 
[Sat 10/04/2025  2:37:01.20] [INFO] Running without administrator privileges (this is normal) 
[Sat 10/04/2025  2:37:01.20] [INFO] Running without administrator privileges (this is normal) 
[Sat 10/04/2025  2:37:01.21] [INFO] Starting preflight checks 
[Sat 10/04/2025  2:37:02.95] [INFO] Running without administrator privileges (this is normal) 
[Sat 10/04/2025  2:37:02.95] [INFO] Running without administrator privileges (this is normal) 
[Sat 10/04/2025  2:37:02.95] [INFO] Running without administrator privileges (this is normal) 
[Sat 10/04/2025  2:37:02.96] [INFO] Starting preflight checks 
[Sat 10/04/2025  2:37:04.87] [INFO] Running without administrator privileges (this is normal) 
[Sat 10/04/2025  2:37:04.87] [INFO] Running without administrator privileges (this is normal) 
[Sat 10/04/2025  2:37:04.87] [INFO] Running without administrator privileges (this is normal) 
[Sat 10/04/2025  2:37:04.88] [INFO] Starting preflight checks 
[Sat 10/04/2025  2:37:07.10] [INFO] Running without administrator privileges (this is normal) 
[Sat 10/04/2025  2:37:07.10] [INFO] Running without administrator privileges (this is normal) 
[Sat 10/04/2025  2:37:07.10] [INFO] Running without administrator privileges (this is normal) 
[Sat 10/04/2025  2:37:07.11] [INFO] Starting preflight checks 
[Sat 10/04/2025  2:37:09.01] [INFO] Running without administrator privileges (this is normal) 
[Sat 10/04/2025  2:37:09.01] [INFO] Running without administrator privileges (this is normal) 
[Sat 10/04/2025  2:37:09.01] [INFO] Running without administrator privileges (this is normal) 
[Sat 10/04/2025  2:37:09.02] [INFO] Starting preflight checks 
[Sat 10/04/2025  2:37:10.82] [INFO] Running without administrator privileges (this is normal) 
[Sat 10/04/2025  2:37:10.82] [INFO] Running without administrator privileges (this is normal) 
[Sat 10/04/2025  2:37:10.82] [INFO] Running without administrator privileges (this is normal) 
[Sat 10/04/2025  2:37:10.83] [INFO] Starting preflight checks 
[Sat 10/04/2025  2:37:12.88] [INFO] Running without administrator privileges (this is normal) 
[Sat 10/04/2025  2:37:12.88] [INFO] Running without administrator privileges (this is normal) 
[Sat 10/04/2025  2:37:12.88] [INFO] Running without administrator privileges (this is normal) 
[Sat 10/04/2025  2:37:12.89] [INFO] Starting preflight checks 
[Sat 10/04/2025  2:37:14.74] [INFO] Running without administrator privileges (this is normal) 
[Sat 10/04/2025  2:37:14.74] [INFO] Running without administrator privileges (this is normal) 
[Sat 10/04/2025  2:37:14.74] [INFO] Running without administrator privileges (this is normal) 
[Sat 10/04/2025  2:37:14.75] [INFO] Starting preflight checks 
[Sat 10/04/2025  2:37:16.55] [INFO] Running without administrator privileges (this is normal) 
[Sat 10/04/2025  2:37:16.55] [INFO] Running without administrator privileges (this is normal) 
[Sat 10/04/2025  2:37:16.55] [INFO] Running without administrator privileges (this is normal) 
[Sat 10/04/2025  2:37:16.56] [INFO] Starting preflight checks 
[Sat 10/04/2025  2:37:18.34] [INFO] Running without administrator privileges (this is normal) 
[Sat 10/04/2025  2:37:18.34] [INFO] Running without administrator privileges (this is normal) 
[Sat 10/04/2025  2:37:18.34] [INFO] Running without administrator privileges (this is normal) 
[Sat 10/04/2025  2:37:18.34] [INFO] Starting preflight checks 
[Sat 10/04/2025  2:37:20.18] [INFO] Running without administrator privileges (this is normal) 
[Sat 10/04/2025  2:37:20.18] [INFO] Running without administrator privileges (this is normal) 
[Sat 10/04/2025  2:37:20.18] [INFO] Running without administrator privileges (this is normal) 
[Sat 10/04/2025  2:37:20.19] [INFO] Starting preflight checks 
[Sat 10/04/2025  2:37:22.10] [INFO] Running without administrator privileges (this is normal) 
[Sat 10/04/2025  2:37:22.10] [INFO] Running without administrator privileges (this is normal) 
[Sat 10/04/2025  2:37:22.10] [INFO] Running without administrator privileges (this is normal) 
[Sat 10/04/2025  2:37:22.11] [INFO] Starting preflight checks 
[Sat 10/04/2025  2:37:23.94] [INFO] Running without administrator privileges (this is normal) 
[Sat 10/04/2025  2:37:23.94] [INFO] Running without administrator privileges (this is normal) 
[Sat 10/04/2025  2:37:23.94] [INFO] Running without administrator privileges (this is normal) 
[Sat 10/04/2025  2:37:23.95] [INFO] Starting preflight checks 
[Sat 10/04/2025  2:37:25.68] [INFO] Running without administrator privileges (this is normal) 
[Sat 10/04/2025  2:37:25.68] [INFO] Running without administrator privileges (this is normal) 
[Sat 10/04/2025  2:37:25.68] [INFO] Running without administrator privileges (this is normal) 
[Sat 10/04/2025  2:37:25.69] [INFO] Starting preflight checks 
[Sat 10/04/2025  2:37:27.73] [INFO] Running without administrator privileges (this is normal) 
[Sat 10/04/2025  2:37:27.73] [INFO] Running without administrator privileges (this is normal) 
[Sat 10/04/2025  2:37:27.73] [INFO] Running without administrator privileges (this is normal) 
[Sat 10/04/2025  2:37:27.75] [INFO] Starting preflight checks 
[Sat 10/04/2025  2:37:30.02] [INFO] Running without administrator privileges (this is normal) 
[Sat 10/04/2025  2:37:30.02] [INFO] Running without administrator privileges (this is normal) 
[Sat 10/04/2025  2:37:30.02] [INFO] Running without administrator privileges (this is normal) 
[Sat 10/04/2025  2:37:30.04] [INFO] Starting preflight checks 
[Sat 10/04/2025  2:37:32.30] [INFO] Running without administrator privileges (this is normal) 
[Sat 10/04/2025  2:37:32.30] [INFO] Running without administrator privileges (this is normal) 
[Sat 10/04/2025  2:37:32.30] [INFO] Running without administrator privileges (this is normal) 
[Sat 10/04/2025  2:37:32.31] [INFO] Starting preflight checks 
[Sat 10/04/2025  2:37:34.36] [INFO] Running without administrator privileges (this is normal) 
[Sat 10/04/2025  2:37:34.36] [INFO] Running without administrator privileges (this is normal) 
[Sat 10/04/2025  2:37:34.36] [INFO] Running without administrator privileges (this is normal) 
[Sat 10/04/2025  2:37:34.36] [INFO] Starting preflight checks 
[Sat 10/04/2025  2:37:36.25] [INFO] Running without administrator privileges (this is normal) 
[Sat 10/04/2025  2:37:36.25] [INFO] Running without administrator privileges (this is normal) 
[Sat 10/04/2025  2:37:36.25] [INFO] Running without administrator privileges (this is normal) 
[Sat 10/04/2025  2:37:36.26] [INFO] Starting preflight checks 
[Sat 10/04/2025  2:37:38.15] [INFO] Running without administrator privileges (this is normal) 
[Sat 10/04/2025  2:37:38.15] [INFO] Running without administrator privileges (this is normal) 
[Sat 10/04/2025  2:37:38.15] [INFO] Running without administrator privileges (this is normal) 
[Sat 10/04/2025  2:37:38.22] [INFO] Starting preflight checks 
[Sat 10/04/2025  2:37:40.56] [INFO] Running without administrator privileges (this is normal) 
[Sat 10/04/2025  2:37:40.56] [INFO] Running without administrator privileges (this is normal) 
[Sat 10/04/2025  2:37:40.56] [INFO] Running without administrator privileges (this is normal) 
[Sat 10/04/2025  2:37:40.57] [INFO] Starting preflight checks 
[Sat 10/04/2025  2:37:42.79] [INFO] Running without administrator privileges (this is normal) 
[Sat 10/04/2025  2:37:42.79] [INFO] Running without administrator privileges (this is normal) 
[Sat 10/04/2025  2:37:42.79] [INFO] Running without administrator privileges (this is normal) 
[Sat 10/04/2025  2:37:42.80] [INFO] Starting preflight checks 
[Sat 10/04/2025  2:37:44.51] [INFO] Running without administrator privileges (this is normal) 
[Sat 10/04/2025  2:37:44.51] [INFO] Running without administrator privileges (this is normal) 
[Sat 10/04/2025  2:37:44.51] [INFO] Running without administrator privileges (this is normal) 
[Sat 10/04/2025  2:37:44.52] [INFO] Starting preflight checks 
[Sat 10/04/2025  2:37:46.28] [INFO] Running without administrator privileges (this is normal) 
[Sat 10/04/2025  2:37:46.28] [INFO] Running without administrator privileges (this is normal) 
[Sat 10/04/2025  2:37:46.28] [INFO] Running without administrator privileges (this is normal) 
[Sat 10/04/2025  2:37:46.29] [INFO] Starting preflight checks 
[Sat 10/04/2025  2:37:48.20] [INFO] Running without administrator privileges (this is normal) 
[Sat 10/04/2025  2:37:48.20] [INFO] Running without administrator privileges (this is normal) 
[Sat 10/04/2025  2:37:48.20] [INFO] Running without administrator privileges (this is normal) 
[Sat 10/04/2025  2:37:48.23] [INFO] Starting preflight checks 
[Sat 10/04/2025  2:37:50.42] [INFO] Running without administrator privileges (this is normal) 
[Sat 10/04/2025  2:37:50.42] [INFO] Running without administrator privileges (this is normal) 
[Sat 10/04/2025  2:37:50.42] [INFO] Running without administrator privileges (this is normal) 
[Sat 10/04/2025  2:37:50.43] [INFO] Starting preflight checks 
[Sat 10/04/2025  2:37:52.38] [INFO] Running without administrator privileges (this is normal) 
[Sat 10/04/2025  2:37:52.38] [INFO] Running without administrator privileges (this is normal) 
[Sat 10/04/2025  2:37:52.38] [INFO] Running without administrator privileges (this is normal) 
[Sat 10/04/2025  2:37:52.40] [INFO] Starting preflight checks 
[Sat 10/04/2025  2:37:54.48] [INFO] Running without administrator privileges (this is normal) 
[Sat 10/04/2025  2:37:54.48] [INFO] Running without administrator privileges (this is normal) 
[Sat 10/04/2025  2:37:54.48] [INFO] Running without administrator privileges (this is normal) 
[Sat 10/04/2025  2:37:54.48] [INFO] Starting preflight checks 
[Sat 10/04/2025  2:37:56.60] [INFO] Running without administrator privileges (this is normal) 
[Sat 10/04/2025  2:37:56.60] [INFO] Running without administrator privileges (this is normal) 
[Sat 10/04/2025  2:37:56.60] [INFO] Running without administrator privileges (this is normal) 
[Sat 10/04/2025  2:37:56.60] [INFO] Starting preflight checks 
[Sat 10/04/2025  2:37:58.42] [INFO] Running without administrator privileges (this is normal) 
[Sat 10/04/2025  2:37:58.42] [INFO] Running without administrator privileges (this is normal) 
[Sat 10/04/2025  2:37:58.42] [INFO] Running without administrator privileges (this is normal) 
[Sat 10/04/2025  2:37:58.43] [INFO] Starting preflight checks 
[Sat 10/04/2025  2:38:00.13] [INFO] Running without administrator privileges (this is normal) 
[Sat 10/04/2025  2:38:00.13] [INFO] Running without administrator privileges (this is normal) 
[Sat 10/04/2025  2:38:00.13] [INFO] Running without administrator privileges (this is normal) 
[Sat 10/04/2025  2:38:00.14] [INFO] Starting preflight checks 
[Sat 10/04/2025  2:38:02.24] [INFO] Running without administrator privileges (this is normal) 
[Sat 10/04/2025  2:38:02.24] [INFO] Running without administrator privileges (this is normal) 
[Sat 10/04/2025  2:38:02.24] [INFO] Running without administrator privileges (this is normal) 
[Sat 10/04/2025  2:38:02.26] [INFO] Starting preflight checks 
[Sat 10/04/2025  2:38:04.18] [INFO] Running without administrator privileges (this is normal) 
[Sat 10/04/2025  2:38:04.18] [INFO] Running without administrator privileges (this is normal) 
[Sat 10/04/2025  2:38:04.18] [INFO] Running without administrator privileges (this is normal) 
[Sat 10/04/2025  2:38:04.19] [INFO] Starting preflight checks 
[Sat 10/04/2025  2:38:06.13] [INFO] Running without administrator privileges (this is normal) 
[Sat 10/04/2025  2:38:06.13] [INFO] Running without administrator privileges (this is normal) 
[Sat 10/04/2025  2:38:06.13] [INFO] Running without administrator privileges (this is normal) 
[Sat 10/04/2025  2:38:06.14] [INFO] Starting preflight checks 
[Sat 10/04/2025  2:38:08.19] [INFO] Running without administrator privileges (this is normal) 
[Sat 10/04/2025  2:38:08.19] [INFO] Running without administrator privileges (this is normal) 
[Sat 10/04/2025  2:38:08.19] [INFO] Running without administrator privileges (this is normal) 
[Sat 10/04/2025  2:38:08.20] [INFO] Starting preflight checks 
